<?xml version="1.0" encoding="UTF-8"?>
<testng-results ignored="0" total="1" passed="1" failed="0" skipped="0">
  <reporter-output>
  </reporter-output>
  <suite started-at="2023-02-12T08:39:54 IST" name="Default suite" finished-at="2023-02-12T08:40:20 IST" duration-ms="25621">
    <groups>
      <group name="cucumber">
        <method signature="AbstractTestNGCucumberTests.runScenario(io.cucumber.testng.PickleWrapper,io.cucumber.testng.FeatureWrapper)[pri:0, instance:runner.HomepageRunner@5542c4ed]" name="runScenario" class="io.cucumber.testng.AbstractTestNGCucumberTests"/>
      </group> <!-- cucumber -->
    </groups>
    <test started-at="2023-02-12T08:39:54 IST" name="Default test" finished-at="2023-02-12T08:40:20 IST" duration-ms="25621">
      <class name="runner.HomepageRunner">
        <test-method is-config="true" signature="setUpClass(org.testng.ITestContext)[pri:0, instance:runner.HomepageRunner@5542c4ed]" started-at="2023-02-12T08:39:54 IST" name="setUpClass" finished-at="2023-02-12T08:39:55 IST" duration-ms="1117" status="PASS">
          <params>
            <param index="0">
              <value>
                <![CDATA[org.testng.TestRunner@32091c14]]>
              </value>
            </param>
          </params>
          <reporter-output>
          </reporter-output>
        </test-method> <!-- setUpClass -->
        <test-method signature="runScenario(io.cucumber.testng.PickleWrapper,io.cucumber.testng.FeatureWrapper)[pri:0, instance:runner.HomepageRunner@5542c4ed]" started-at="2023-02-12T08:39:55 IST" name="runScenario" description="Runs Cucumber Scenarios" data-provider="scenarios" finished-at="2023-02-12T08:40:19 IST" duration-ms="23796" status="PASS">
          <params>
            <param index="0">
              <value>
                <![CDATA["Validate Homepage lands after login with correct credential"]]>
              </value>
            </param>
            <param index="1">
              <value>
                <![CDATA["Validate Luma Application Loginpage"]]>
              </value>
            </param>
          </params>
          <reporter-output>
          </reporter-output>
        </test-method> <!-- runScenario -->
        <test-method is-config="true" signature="tearDownClass()[pri:0, instance:runner.HomepageRunner@5542c4ed]" started-at="2023-02-12T08:40:19 IST" name="tearDownClass" finished-at="2023-02-12T08:40:20 IST" duration-ms="606" status="PASS">
          <reporter-output>
          </reporter-output>
        </test-method> <!-- tearDownClass -->
      </class> <!-- runner.HomepageRunner -->
    </test> <!-- Default test -->
  </suite> <!-- Default suite -->
</testng-results>
