<?xml version="1.0" encoding="UTF-8"?>
<testng-results ignored="0" total="1" passed="1" failed="0" skipped="0">
  <reporter-output>
  </reporter-output>
  <suite started-at="2023-02-19T11:26:03 IST" name="Default suite" finished-at="2023-02-19T11:29:57 IST" duration-ms="233508">
    <groups>
      <group name="cucumber">
        <method signature="AbstractTestNGCucumberTests.runScenario(io.cucumber.testng.PickleWrapper,io.cucumber.testng.FeatureWrapper)[pri:0, instance:runner.HomepageRunner@6150c3ec]" name="runScenario" class="io.cucumber.testng.AbstractTestNGCucumberTests"/>
      </group> <!-- cucumber -->
    </groups>
    <test started-at="2023-02-19T11:26:03 IST" name="Default test" finished-at="2023-02-19T11:29:57 IST" duration-ms="233508">
      <class name="runner.HomepageRunner">
        <test-method is-config="true" signature="setUpClass(org.testng.ITestContext)[pri:0, instance:runner.HomepageRunner@6150c3ec]" started-at="2023-02-19T11:26:03 IST" name="setUpClass" finished-at="2023-02-19T11:26:07 IST" duration-ms="4016" status="PASS">
          <params>
            <param index="0">
              <value>
                <![CDATA[org.testng.TestRunner@6c17c0f8]]>
              </value>
            </param>
          </params>
          <reporter-output>
          </reporter-output>
        </test-method> <!-- setUpClass -->
        <test-method signature="runScenario(io.cucumber.testng.PickleWrapper,io.cucumber.testng.FeatureWrapper)[pri:0, instance:runner.HomepageRunner@6150c3ec]" started-at="2023-02-19T11:26:08 IST" name="runScenario" description="Runs Cucumber Scenarios" data-provider="scenarios" finished-at="2023-02-19T11:29:48 IST" duration-ms="220030" status="PASS">
          <params>
            <param index="0">
              <value>
                <![CDATA["Validate User able to order a product added in the Cart successfully"]]>
              </value>
            </param>
            <param index="1">
              <value>
                <![CDATA["Validate Luma Application Loginpage"]]>
              </value>
            </param>
          </params>
          <reporter-output>
          </reporter-output>
        </test-method> <!-- runScenario -->
        <test-method is-config="true" signature="tearDownClass()[pri:0, instance:runner.HomepageRunner@6150c3ec]" started-at="2023-02-19T11:29:48 IST" name="tearDownClass" finished-at="2023-02-19T11:29:57 IST" duration-ms="9315" status="PASS">
          <reporter-output>
          </reporter-output>
        </test-method> <!-- tearDownClass -->
      </class> <!-- runner.HomepageRunner -->
    </test> <!-- Default test -->
  </suite> <!-- Default suite -->
</testng-results>
